<?xml version="1.0" encoding="UTF-8"?>
<!-- Generated by org.testng.reporters.JUnitReportReporter -->
<testsuite hostname="LAPTOP-PI16N7BV" failures="0" tests="2" name="TESTNG.Data_Provider" time="0.015" errors="0" timestamp="2023-08-03T15:54:25 IST" skipped="0">
  <testcase classname="TESTNG.Data_Provider" name="LogiTest" time="0.003"/>
  <system-out/>
  <testcase classname="TESTNG.Data_Provider" name="LogiTest" time="0.012"/>
  <system-out/>
</testsuite> <!-- TESTNG.Data_Provider -->
