<?xml version="1.0" encoding="UTF-8"?>
<!-- Generated by org.testng.reporters.JUnitReportReporter -->
<testsuite hostname="LAPTOP-PI16N7BV" failures="0" tests="1" name="TESTNG.DWS_LOGIN" time="8.926" errors="0" timestamp="2023-08-03T14:49:24 IST" skipped="0">
  <testcase classname="TESTNG.DWS_LOGIN" name="testcase1" time="8.926"/>
  <system-out/>
</testsuite> <!-- TESTNG.DWS_LOGIN -->
