<?xml version="1.0" encoding="UTF-8"?>
<!-- Generated by org.testng.reporters.JUnitReportReporter -->
<testsuite hostname="LAPTOP-PI16N7BV" failures="0" tests="1" name="TESTNG.Group_execution" time="0.009" errors="0" timestamp="2023-08-03T11:19:08 IST" skipped="0">
  <testcase classname="TESTNG.Group_execution" name="Register" time="0.009"/>
  <system-out/>
</testsuite> <!-- TESTNG.Group_execution -->
