<?xml version="1.0" encoding="UTF-8"?>
<!-- Generated by org.testng.reporters.JUnitReportReporter -->
<testsuite hostname="LAPTOP-PI16N7BV" failures="0" tests="3" name="TESTNG.StoppersStack_Register" time="11.207" errors="0" timestamp="2023-08-04T14:56:48 IST" skipped="0">
  <testcase classname="TESTNG.StoppersStack_Register" name="StopperStack" time="6.423"/>
  <system-out/>
  <testcase classname="TESTNG.StoppersStack_Register" name="stoppersStock_Login" time="3.436"/>
  <system-out/>
  <testcase classname="TESTNG.StoppersStack_Register" name="LogOut" time="1.348"/>
  <system-out/>
</testsuite> <!-- TESTNG.StoppersStack_Register -->
