<?xml version="1.0" encoding="UTF-8"?>
<!-- Generated by org.testng.reporters.JUnitReportReporter -->
<testsuite hostname="LAPTOP-PI16N7BV" failures="0" tests="1" name="TESTNG.Demowebshop" time="8.843" errors="0" timestamp="2023-08-02T15:43:37 IST" skipped="0">
  <testcase classname="TESTNG.Demowebshop" name="testcase" time="8.843"/>
  <system-out/>
</testsuite> <!-- TESTNG.Demowebshop -->
