<?xml version="1.0" encoding="UTF-8"?>
<!-- Generated by org.testng.reporters.JUnitReportReporter -->
<testsuite hostname="LAPTOP-PI16N7BV" failures="0" tests="1" name="TESTNG.LearningDatadrivenTesting" time="0.008" errors="0" timestamp="2023-08-05T12:08:08 IST" skipped="0">
  <testcase classname="TESTNG.LearningDatadrivenTesting" name="loginTest" time="0.008"/>
  <system-out/>
</testsuite> <!-- TESTNG.LearningDatadrivenTesting -->
