<?xml version="1.0" encoding="UTF-8"?>
<!-- Generated by org.testng.reporters.JUnitReportReporter -->
<testsuite hostname="LAPTOP-PI16N7BV" failures="0" tests="2" name="TESTNG.testng" time="0.009" errors="0" timestamp="2023-08-02T15:00:59 IST" skipped="0">
  <testcase classname="TESTNG.testng" name="testcae1" time="0.008"/>
  <system-out/>
  <testcase classname="TESTNG.testng" name="testcase2" time="0.001"/>
  <system-out/>
</testsuite> <!-- TESTNG.testng -->
