<?xml version="1.0" encoding="UTF-8"?>
<!-- Generated by org.testng.reporters.JUnitReportReporter -->
<testsuite hostname="LAPTOP-PI16N7BV" failures="0" tests="4" name="TESTNG.Priority" time="0.013" errors="0" timestamp="2023-08-03T12:04:39 IST" skipped="0">
  <testcase classname="TESTNG.Priority" name="Searchproduct" time="0.010"/>
  <system-out/>
  <testcase classname="TESTNG.Priority" name="LOgin" time="0.000"/>
  <system-out/>
  <testcase classname="TESTNG.Priority" name="Register" time="0.002"/>
  <system-out/>
  <testcase classname="TESTNG.Priority" name="addtocart" time="0.001"/>
  <system-out/>
</testsuite> <!-- TESTNG.Priority -->
