<?xml version="1.0" encoding="UTF-8"?>
<!-- Generated by org.testng.reporters.JUnitReportReporter -->
<testsuite hostname="LAPTOP-PI16N7BV" failures="0" tests="1" name="TESTNG.FRAMEWORK" time="9.957" errors="0" timestamp="2023-08-03T15:15:18 IST" skipped="0">
  <testcase classname="TESTNG.FRAMEWORK" name="setupBrowser" time="9.957"/>
  <system-out/>
</testsuite> <!-- TESTNG.FRAMEWORK -->
