<?xml version="1.0" encoding="UTF-8"?>
<!-- Generated by org.testng.reporters.JUnitReportReporter -->
<testsuite hostname="LAPTOP-PI16N7BV" failures="0" tests="4" name="TESTNG.paralell_exe" time="50.136" errors="0" timestamp="2023-08-03T15:13:13 IST" skipped="0">
  <testcase classname="TESTNG.paralell_exe" name="testcase1" time="12.303"/>
  <system-out/>
  <testcase classname="TESTNG.paralell_exe" name="testcase1" time="12.938"/>
  <system-out/>
  <testcase classname="TESTNG.paralell_exe" name="testcase1" time="12.425"/>
  <system-out/>
  <testcase classname="TESTNG.paralell_exe" name="testcase1" time="12.470"/>
  <system-out/>
</testsuite> <!-- TESTNG.paralell_exe -->
