<?xml version="1.0" encoding="UTF-8"?>
<!-- Generated by org.testng.reporters.JUnitReportReporter -->
<testsuite hostname="LAPTOP-PI16N7BV" failures="0" tests="2" name="framework.DWS_LOGIN" time="16.949" errors="0" timestamp="2023-08-03T16:43:34 IST" skipped="0">
  <testcase classname="framework.DWS_LOGIN" name="testcase1" time="7.671"/>
  <system-out/>
  <testcase classname="framework.DWS_LOGIN" name="testcase1" time="9.278"/>
  <system-out/>
</testsuite> <!-- framework.DWS_LOGIN -->
