<?xml version="1.0" encoding="UTF-8"?>
<!-- Generated by org.testng.reporters.JUnitReportReporter -->
<testsuite hostname="LAPTOP-PI16N7BV" failures="0" tests="1" name="TESTNG.StoppersStack" time="11.723" errors="0" timestamp="2023-08-04T12:09:41 IST" skipped="0">
  <testcase classname="TESTNG.StoppersStack" name="StopperStack" time="11.723"/>
  <system-out/>
</testsuite> <!-- TESTNG.StoppersStack -->
