<?xml version="1.0" encoding="UTF-8"?>
<!-- Generated by org.testng.reporters.JUnitReportReporter -->
<testsuite hostname="LAPTOP-PI16N7BV" failures="0" tests="1" name="TESTNG.LoginTest_Using_POM" time="2.182" errors="0" timestamp="2023-08-07T11:17:51 IST" skipped="0">
  <testcase classname="TESTNG.LoginTest_Using_POM" name="login" time="2.182"/>
  <system-out/>
</testsuite> <!-- TESTNG.LoginTest_Using_POM -->
