<?xml version="1.0" encoding="UTF-8"?>
<!-- Generated by org.testng.reporters.JUnitReportReporter -->
<testsuite hostname="LAPTOP-PI16N7BV" failures="0" tests="2" name="TESTNG.Group1_Execution" time="0.011" errors="0" timestamp="2023-08-03T11:03:56 IST" skipped="0">
  <testcase classname="TESTNG.Group1_Execution" name="Removeproduct" time="0.002"/>
  <system-out/>
  <testcase classname="TESTNG.Group1_Execution" name="Addtowishlist" time="0.009"/>
  <system-out/>
</testsuite> <!-- TESTNG.Group1_Execution -->
