<?xml version="1.0" encoding="UTF-8"?>
<!-- Generated by org.testng.reporters.JUnitReportReporter -->
<testsuite hostname="LAPTOP-PI16N7BV" failures="0" tests="4" name="TESTNG.parallel_exe" time="80.224" errors="0" timestamp="2023-08-03T15:17:18 IST" skipped="0">
  <testcase classname="TESTNG.parallel_exe" name="testcase1" time="21.449"/>
  <system-out/>
  <testcase classname="TESTNG.parallel_exe" name="testcase1" time="21.814"/>
  <system-out/>
  <testcase classname="TESTNG.parallel_exe" name="testcase1" time="18.780"/>
  <system-out/>
  <testcase classname="TESTNG.parallel_exe" name="testcase1" time="18.181"/>
  <system-out/>
</testsuite> <!-- TESTNG.parallel_exe -->
