<?xml version="1.0" encoding="UTF-8"?>
<!-- Generated by org.testng.reporters.JUnitReportReporter -->
<testsuite hostname="LAPTOP-PI16N7BV" failures="0" tests="1" name="TESTNG.LOGIN" time="8.740" errors="0" timestamp="2023-08-02T15:47:46 IST" skipped="0">
  <testcase classname="TESTNG.LOGIN" name="testcase1" time="8.740"/>
  <system-out/>
</testsuite> <!-- TESTNG.LOGIN -->
